SCIP version 9.0.0 [precision: 8 byte] [memory: block] [mode: optimized] [LP solver: Soplex 7.0.0] [GitHash: 7205bedd94]
Copyright (c) 2002-2024 Zuse Institute Berlin (ZIB)

External libraries:
  Soplex 7.0.0         Linear Programming Solver developed at Zuse Institute Berlin (soplex.zib.de) [GitHash: 6657fb3b]
  CppAD 20180000.0     Algorithmic Differentiation of C++ algorithms developed by B. Bell (github.com/coin-or/CppAD)
  ZLIB 1.2.13          General purpose compression library by J. Gailly and M. Adler (zlib.net)
  GMP 6.3.0            GNU Multiple Precision Arithmetic Library developed by T. Granlund (gmplib.org)
  ZIMPL 3.5.3          Zuse Institute Mathematical Programming Language developed by T. Koch (zimpl.zib.de)
  AMPL/MP 690e9e7      AMPL .nl file reader library (github.com/ampl/mp)
  PaPILO 2.2.0         parallel presolve for integer and linear optimization (github.com/scipopt/papilo) (built with TBB) [GitHash: df30ae49]
  bliss 0.77           Computing Graph Automorphism Groups by T. Junttila and P. Kaski (users.aalto.fi/~tjunttil/bliss)
  Ipopt 3.14.15        Interior Point Optimizer developed by A. Waechter et.al. (github.com/coin-or/Ipopt)

reading user parameter file </var/folders/xx/fsz3wvqx27n46ckqdt6dl4gm0000gn/T/42b1441a64624fd7a758b8ac1947960c-pulp.set>


read problem </var/folders/xx/fsz3wvqx27n46ckqdt6dl4gm0000gn/T/42b1441a64624fd7a758b8ac1947960c-pulp.lp>
============

original problem has 90 variables (84 bin, 6 int, 0 impl, 0 cont) and 114 constraints

presolving:
(round 1, fast)       14 del vars, 2 del conss, 1 add conss, 23 chg bounds, 0 chg sides, 0 chg coeffs, 0 upgd conss, 0 impls, 7 clqs
(round 2, fast)       14 del vars, 2 del conss, 3 add conss, 23 chg bounds, 1 chg sides, 21 chg coeffs, 0 upgd conss, 0 impls, 7 clqs
(round 3, fast)       14 del vars, 2 del conss, 3 add conss, 23 chg bounds, 1 chg sides, 87 chg coeffs, 0 upgd conss, 0 impls, 7 clqs
   (0.0s) running MILP presolver
   (0.0s) MILP presolver found nothing
(round 4, exhaustive) 14 del vars, 4 del conss, 3 add conss, 23 chg bounds, 2 chg sides, 87 chg coeffs, 0 upgd conss, 0 impls, 7 clqs
(round 5, exhaustive) 14 del vars, 4 del conss, 3 add conss, 23 chg bounds, 2 chg sides, 87 chg coeffs, 105 upgd conss, 0 impls, 7 clqs
   (0.0s) sparsify finished: 80/715 (11.2%) nonzeros canceled - in total 80 canceled nonzeros, 146 changed coefficients, 0 added nonzeros
(round 6, exhaustive) 14 del vars, 4 del conss, 3 add conss, 23 chg bounds, 2 chg sides, 233 chg coeffs, 105 upgd conss, 0 impls, 21 clqs
(round 7, fast)       14 del vars, 4 del conss, 4 add conss, 26 chg bounds, 2 chg sides, 233 chg coeffs, 105 upgd conss, 0 impls, 21 clqs
(round 8, fast)       14 del vars, 4 del conss, 5 add conss, 28 chg bounds, 2 chg sides, 233 chg coeffs, 105 upgd conss, 0 impls, 21 clqs
(round 9, exhaustive) 14 del vars, 5 del conss, 5 add conss, 28 chg bounds, 4 chg sides, 233 chg coeffs, 105 upgd conss, 0 impls, 21 clqs
   (0.0s) probing cycle finished: starting next cycle
   (0.0s) symmetry computation started: requiring (bin +, int +, cont +), (fixed: bin -, int -, cont -)
   (0.0s) symmetry computation finished: 2 generators found (max: 1500, log10 of symmetry group size: 1.1) (symcode time: 0.00)
dynamic symmetry handling statistics:
   orbitopal reduction:       no components
   orbital reduction:          1 components of sizes 2
   lexicographic reduction:    2 permutations with support sizes 64, 70
handled 1 out of 1 symmetry components
presolving (10 rounds: 10 fast, 5 medium, 5 exhaustive):
 14 deleted vars, 5 deleted constraints, 5 added constraints, 28 tightened bounds, 0 added holes, 4 changed sides, 233 changed coefficients
 165 implications, 609 cliques
presolved problem has 76 variables (71 bin, 4 int, 1 impl, 0 cont) and 114 constraints
     14 constraints of type <knapsack>
      7 constraints of type <setppc>
      9 constraints of type <linear>
     84 constraints of type <logicor>
transformed objective value is always integral (scale: 1)
Presolving Time: 0.01

 time | node  | left  |LP iter|LP it/n|mem/heur|mdpt |vars |cons |rows |cuts |sepa|confs|strbr|  dualbound   | primalbound  |  gap   | compl.
  0.0s|     1 |     0 |    36 |     - |  3472k |   0 |  76 | 129 | 114 |   0 |  0 |  14 |   0 | 3.533333e+01 |      --      |    Inf | unknown
  0.0s|     1 |     0 |   210 |     - |  3490k |   0 |  76 | 131 | 114 |   0 |  0 |  16 |   0 | 3.500000e+01 |      --      |    Inf | unknown
  0.0s|     1 |     0 |   243 |     - |  3639k |   0 |  76 | 331 | 117 |   3 |  1 |  16 |   0 | 3.500000e+01 |      --      |    Inf | unknown
  0.0s|     1 |     0 |   260 |     - |  3925k |   0 |  76 | 331 | 119 |   5 |  2 |  16 |   0 | 3.500000e+01 |      --      |    Inf | unknown
  0.0s|     1 |     0 |   270 |     - |  3969k |   0 |  76 | 332 | 122 |   8 |  3 |  17 |   0 | 3.500000e+01 |      --      |    Inf | unknown
  0.0s|     1 |     0 |   303 |     - |  4032k |   0 |  76 | 332 | 124 |  10 |  4 |  17 |   0 | 3.487500e+01 |      --      |    Inf | unknown
  0.0s|     1 |     0 |   311 |     - |  4033k |   0 |  76 | 333 | 124 |  10 |  4 |  18 |   0 | 3.400000e+01 |      --      |    Inf | unknown
  0.0s|     1 |     0 |   324 |     - |  4483k |   0 |  76 | 333 | 127 |  13 |  5 |  18 |   0 | 3.400000e+01 |      --      |    Inf | unknown
  0.0s|     1 |     0 |   350 |     - |  4862k |   0 |  76 | 333 | 130 |  16 |  6 |  18 |   0 | 3.400000e+01 |      --      |    Inf | unknown
  0.0s|     1 |     0 |   357 |     - |  5823k |   0 |  76 | 333 | 133 |  19 |  7 |  18 |   0 | 3.400000e+01 |      --      |    Inf | unknown
  0.0s|     1 |     0 |   374 |     - |  6339k |   0 |  76 | 334 | 135 |  21 |  8 |  19 |   0 | 3.400000e+01 |      --      |    Inf | unknown
  0.0s|     1 |     0 |   395 |     - |  7508k |   0 |  76 | 334 | 138 |  24 |  9 |  19 |   0 | 3.400000e+01 |      --      |    Inf | unknown
  0.0s|     1 |     0 |   409 |     - |  8664k |   0 |  76 | 334 | 140 |  26 | 10 |  19 |   0 | 3.400000e+01 |      --      |    Inf | unknown
  0.0s|     1 |     0 |   423 |     - |  8684k |   0 |  76 | 336 | 141 |  31 | 11 |  21 |   0 | 3.400000e+01 |      --      |    Inf | unknown
  0.0s|     1 |     0 |   437 |     - |  8697k |   0 |  76 | 337 | 144 |  34 | 12 |  22 |   0 | 3.400000e+01 |      --      |    Inf | unknown
 time | node  | left  |LP iter|LP it/n|mem/heur|mdpt |vars |cons |rows |cuts |sepa|confs|strbr|  dualbound   | primalbound  |  gap   | compl.
  0.1s|     1 |     0 |   450 |     - |  8953k |   0 |  76 | 337 | 147 |  37 | 13 |  22 |   0 | 3.400000e+01 |      --      |    Inf | unknown
  0.1s|     1 |     0 |   461 |     - |  8969k |   0 |  76 | 338 | 149 |  39 | 14 |  23 |   0 | 3.400000e+01 |      --      |    Inf | unknown
  0.1s|     1 |     0 |   492 |     - |  8986k |   0 |  76 | 339 | 152 |  42 | 15 |  24 |   0 | 3.400000e+01 |      --      |    Inf | unknown
  0.1s|     1 |     0 |   522 |     - |  9000k |   0 |  76 | 339 | 154 |  44 | 16 |  24 |   0 | 3.400000e+01 |      --      |    Inf | unknown
  0.1s|     1 |     0 |   543 |     - |  9017k |   0 |  76 | 340 | 139 |  45 | 17 |  25 |   0 | 3.400000e+01 |      --      |    Inf | unknown
  0.1s|     1 |     0 |   573 |     - |  9031k |   0 |  76 | 342 | 143 |  49 | 18 |  27 |   0 | 3.400000e+01 |      --      |    Inf | unknown
  0.1s|     1 |     0 |   592 |     - |  9047k |   0 |  76 | 344 | 145 |  51 | 19 |  29 |   0 | 3.400000e+01 |      --      |    Inf | unknown
  0.1s|     1 |     0 |   622 |     - |  9063k |   0 |  76 | 345 | 150 |  56 | 20 |  30 |   0 | 3.400000e+01 |      --      |    Inf | unknown
  0.1s|     1 |     0 |   622 |     - |  9064k |   0 |  76 | 347 | 151 |  56 | 20 |  31 |   0 | 3.400000e+01 |      --      |    Inf | unknown
  0.1s|     1 |     0 |   632 |     - |  9064k |   0 |  76 | 347 | 154 |  59 | 21 |  31 |   0 | 3.400000e+01 |      --      |    Inf | unknown
  0.1s|     1 |     0 |   653 |     - |  9064k |   0 |  76 | 348 | 156 |  61 | 22 |  32 |   0 | 3.400000e+01 |      --      |    Inf | unknown
  0.1s|     1 |     0 |   659 |     - |  9066k |   0 |  76 | 348 | 145 |  63 | 23 |  32 |   0 | 3.400000e+01 |      --      |    Inf | unknown
  0.1s|     1 |     0 |   667 |     - |  9066k |   0 |  76 | 350 | 147 |  65 | 24 |  34 |   0 | 3.400000e+01 |      --      |    Inf | unknown
  0.1s|     1 |     0 |   668 |     - |  9066k |   0 |  76 | 350 | 149 |  67 | 25 |  34 |   0 | 3.400000e+01 |      --      |    Inf | unknown
  0.1s|     1 |     2 |   749 |     - |  9071k |   0 |  76 | 351 | 149 |  67 | 26 |  35 |  11 | 3.400000e+01 |      --      |    Inf | unknown

SCIP Status        : problem is solved [infeasible]
Solving Time (sec) : 0.19
Solving Nodes      : 61
Primal Bound       : -1.00000000000000e+20 (objective limit, 0 solutions)
Dual Bound         : -1.00000000000000e+20
Gap                : 0.00 %


solution status: infeasible
no solution available
written solution information to file </var/folders/xx/fsz3wvqx27n46ckqdt6dl4gm0000gn/T/42b1441a64624fd7a758b8ac1947960c-pulp.sol>


SCIP version 9.0.0 [precision: 8 byte] [memory: block] [mode: optimized] [LP solver: Soplex 7.0.0] [GitHash: 7205bedd94]
Copyright (c) 2002-2024 Zuse Institute Berlin (ZIB)

External libraries: 
  Soplex 7.0.0         Linear Programming Solver developed at Zuse Institute Berlin (soplex.zib.de) [GitHash: 6657fb3b]
  CppAD 20180000.0     Algorithmic Differentiation of C++ algorithms developed by B. Bell (github.com/coin-or/CppAD)
  ZLIB 1.2.13          General purpose compression library by J. Gailly and M. Adler (zlib.net)
  GMP 6.3.0            GNU Multiple Precision Arithmetic Library developed by T. Granlund (gmplib.org)
  ZIMPL 3.5.3          Zuse Institute Mathematical Programming Language developed by T. Koch (zimpl.zib.de)
  AMPL/MP 690e9e7      AMPL .nl file reader library (github.com/ampl/mp)
  PaPILO 2.2.0         parallel presolve for integer and linear optimization (github.com/scipopt/papilo) (built with TBB) [GitHash: df30ae49]
  bliss 0.77           Computing Graph Automorphism Groups by T. Junttila and P. Kaski (users.aalto.fi/~tjunttil/bliss)
  Ipopt 3.14.15        Interior Point Optimizer developed by A. Waechter et.al. (github.com/coin-or/Ipopt)

reading user parameter file </var/folders/xx/fsz3wvqx27n46ckqdt6dl4gm0000gn/T/1b0e472144474020b95ba16602a3a118-pulp.set>


read problem </var/folders/xx/fsz3wvqx27n46ckqdt6dl4gm0000gn/T/1b0e472144474020b95ba16602a3a118-pulp.lp>
============

original problem has 90 variables (84 bin, 6 int, 0 impl, 0 cont) and 114 constraints

presolving:
(round 1, fast)       14 del vars, 2 del conss, 1 add conss, 23 chg bounds, 0 chg sides, 0 chg coeffs, 0 upgd conss, 0 impls, 7 clqs
(round 2, fast)       14 del vars, 2 del conss, 3 add conss, 23 chg bounds, 1 chg sides, 21 chg coeffs, 0 upgd conss, 0 impls, 7 clqs
(round 3, fast)       14 del vars, 2 del conss, 3 add conss, 23 chg bounds, 1 chg sides, 87 chg coeffs, 0 upgd conss, 0 impls, 7 clqs
   (0.0s) running MILP presolver
   (0.0s) MILP presolver found nothing
(round 4, exhaustive) 14 del vars, 4 del conss, 3 add conss, 23 chg bounds, 2 chg sides, 87 chg coeffs, 0 upgd conss, 0 impls, 7 clqs
(round 5, exhaustive) 14 del vars, 4 del conss, 3 add conss, 23 chg bounds, 2 chg sides, 87 chg coeffs, 105 upgd conss, 0 impls, 7 clqs
   (0.0s) sparsify finished: 80/715 (11.2%) nonzeros canceled - in total 80 canceled nonzeros, 146 changed coefficients, 0 added nonzeros
(round 6, exhaustive) 14 del vars, 4 del conss, 3 add conss, 23 chg bounds, 2 chg sides, 233 chg coeffs, 105 upgd conss, 0 impls, 21 clqs
(round 7, fast)       14 del vars, 4 del conss, 4 add conss, 26 chg bounds, 2 chg sides, 233 chg coeffs, 105 upgd conss, 0 impls, 21 clqs
(round 8, fast)       14 del vars, 4 del conss, 5 add conss, 28 chg bounds, 2 chg sides, 233 chg coeffs, 105 upgd conss, 0 impls, 21 clqs
(round 9, exhaustive) 14 del vars, 5 del conss, 5 add conss, 28 chg bounds, 4 chg sides, 233 chg coeffs, 105 upgd conss, 0 impls, 21 clqs
   (0.0s) probing cycle finished: starting next cycle
   (0.0s) symmetry computation started: requiring (bin +, int +, cont +), (fixed: bin -, int -, cont -)
   (0.0s) symmetry computation finished: 2 generators found (max: 1500, log10 of symmetry group size: 1.1) (symcode time: 0.00)
dynamic symmetry handling statistics:
   orbitopal reduction:       no components
   orbital reduction:          1 components of sizes 2
   lexicographic reduction:    2 permutations with support sizes 64, 70
handled 1 out of 1 symmetry components
presolving (10 rounds: 10 fast, 5 medium, 5 exhaustive):
 14 deleted vars, 5 deleted constraints, 5 added constraints, 28 tightened bounds, 0 added holes, 4 changed sides, 233 changed coefficients
 165 implications, 609 cliques
presolved problem has 76 variables (71 bin, 4 int, 1 impl, 0 cont) and 114 constraints
     14 constraints of type <knapsack>
      7 constraints of type <setppc>
      9 constraints of type <linear>
     84 constraints of type <logicor>
transformed objective value is always integral (scale: 1)
Presolving Time: 0.01

 time | node  | left  |LP iter|LP it/n|mem/heur|mdpt |vars |cons |rows |cuts |sepa|confs|strbr|  dualbound   | primalbound  |  gap   | compl. 
  0.0s|     1 |     0 |    36 |     - |  3472k |   0 |  76 | 129 | 114 |   0 |  0 |  14 |   0 | 3.533333e+01 |      --      |    Inf | unknown
  0.0s|     1 |     0 |   210 |     - |  3490k |   0 |  76 | 131 | 114 |   0 |  0 |  16 |   0 | 3.500000e+01 |      --      |    Inf | unknown
  0.0s|     1 |     0 |   243 |     - |  3639k |   0 |  76 | 331 | 117 |   3 |  1 |  16 |   0 | 3.500000e+01 |      --      |    Inf | unknown
  0.0s|     1 |     0 |   260 |     - |  3925k |   0 |  76 | 331 | 119 |   5 |  2 |  16 |   0 | 3.500000e+01 |      --      |    Inf | unknown
  0.0s|     1 |     0 |   270 |     - |  3969k |   0 |  76 | 332 | 122 |   8 |  3 |  17 |   0 | 3.500000e+01 |      --      |    Inf | unknown
  0.0s|     1 |     0 |   303 |     - |  4032k |   0 |  76 | 332 | 124 |  10 |  4 |  17 |   0 | 3.487500e+01 |      --      |    Inf | unknown
  0.0s|     1 |     0 |   311 |     - |  4033k |   0 |  76 | 333 | 124 |  10 |  4 |  18 |   0 | 3.400000e+01 |      --      |    Inf | unknown
  0.0s|     1 |     0 |   324 |     - |  4483k |   0 |  76 | 333 | 127 |  13 |  5 |  18 |   0 | 3.400000e+01 |      --      |    Inf | unknown
  0.0s|     1 |     0 |   350 |     - |  4862k |   0 |  76 | 333 | 130 |  16 |  6 |  18 |   0 | 3.400000e+01 |      --      |    Inf | unknown
  0.0s|     1 |     0 |   357 |     - |  5823k |   0 |  76 | 333 | 133 |  19 |  7 |  18 |   0 | 3.400000e+01 |      --      |    Inf | unknown
  0.0s|     1 |     0 |   374 |     - |  6339k |   0 |  76 | 334 | 135 |  21 |  8 |  19 |   0 | 3.400000e+01 |      --      |    Inf | unknown
  0.0s|     1 |     0 |   395 |     - |  7508k |   0 |  76 | 334 | 138 |  24 |  9 |  19 |   0 | 3.400000e+01 |      --      |    Inf | unknown
  0.0s|     1 |     0 |   409 |     - |  8664k |   0 |  76 | 334 | 140 |  26 | 10 |  19 |   0 | 3.400000e+01 |      --      |    Inf | unknown
  0.0s|     1 |     0 |   423 |     - |  8684k |   0 |  76 | 336 | 141 |  31 | 11 |  21 |   0 | 3.400000e+01 |      --      |    Inf | unknown
  0.0s|     1 |     0 |   437 |     - |  8697k |   0 |  76 | 337 | 144 |  34 | 12 |  22 |   0 | 3.400000e+01 |      --      |    Inf | unknown
 time | node  | left  |LP iter|LP it/n|mem/heur|mdpt |vars |cons |rows |cuts |sepa|confs|strbr|  dualbound   | primalbound  |  gap   | compl. 
  0.1s|     1 |     0 |   450 |     - |  8953k |   0 |  76 | 337 | 147 |  37 | 13 |  22 |   0 | 3.400000e+01 |      --      |    Inf | unknown
  0.1s|     1 |     0 |   461 |     - |  8969k |   0 |  76 | 338 | 149 |  39 | 14 |  23 |   0 | 3.400000e+01 |      --      |    Inf | unknown
  0.1s|     1 |     0 |   492 |     - |  8986k |   0 |  76 | 339 | 152 |  42 | 15 |  24 |   0 | 3.400000e+01 |      --      |    Inf | unknown
  0.1s|     1 |     0 |   522 |     - |  9000k |   0 |  76 | 339 | 154 |  44 | 16 |  24 |   0 | 3.400000e+01 |      --      |    Inf | unknown
  0.1s|     1 |     0 |   543 |     - |  9017k |   0 |  76 | 340 | 139 |  45 | 17 |  25 |   0 | 3.400000e+01 |      --      |    Inf | unknown
  0.1s|     1 |     0 |   573 |     - |  9031k |   0 |  76 | 342 | 143 |  49 | 18 |  27 |   0 | 3.400000e+01 |      --      |    Inf | unknown
  0.1s|     1 |     0 |   592 |     - |  9047k |   0 |  76 | 344 | 145 |  51 | 19 |  29 |   0 | 3.400000e+01 |      --      |    Inf | unknown
  0.1s|     1 |     0 |   622 |     - |  9063k |   0 |  76 | 345 | 150 |  56 | 20 |  30 |   0 | 3.400000e+01 |      --      |    Inf | unknown
  0.1s|     1 |     0 |   622 |     - |  9064k |   0 |  76 | 347 | 151 |  56 | 20 |  31 |   0 | 3.400000e+01 |      --      |    Inf | unknown
  0.1s|     1 |     0 |   632 |     - |  9064k |   0 |  76 | 347 | 154 |  59 | 21 |  31 |   0 | 3.400000e+01 |      --      |    Inf | unknown
  0.1s|     1 |     0 |   653 |     - |  9064k |   0 |  76 | 348 | 156 |  61 | 22 |  32 |   0 | 3.400000e+01 |      --      |    Inf | unknown
  0.1s|     1 |     0 |   659 |     - |  9066k |   0 |  76 | 348 | 145 |  63 | 23 |  32 |   0 | 3.400000e+01 |      --      |    Inf | unknown
  0.1s|     1 |     0 |   667 |     - |  9066k |   0 |  76 | 350 | 147 |  65 | 24 |  34 |   0 | 3.400000e+01 |      --      |    Inf | unknown
  0.1s|     1 |     0 |   668 |     - |  9066k |   0 |  76 | 350 | 149 |  67 | 25 |  34 |   0 | 3.400000e+01 |      --      |    Inf | unknown
  0.1s|     1 |     2 |   749 |     - |  9071k |   0 |  76 | 351 | 149 |  67 | 26 |  35 |  11 | 3.400000e+01 |      --      |    Inf | unknown

SCIP Status        : problem is solved [infeasible]
Solving Time (sec) : 0.19
Solving Nodes      : 61
Primal Bound       : -1.00000000000000e+20 (objective limit, 0 solutions)
Dual Bound         : -1.00000000000000e+20
Gap                : 0.00 %


solution status: infeasible
no solution available
written solution information to file </var/folders/xx/fsz3wvqx27n46ckqdt6dl4gm0000gn/T/1b0e472144474020b95ba16602a3a118-pulp.sol>


SCIP version 9.0.0 [precision: 8 byte] [memory: block] [mode: optimized] [LP solver: Soplex 7.0.0] [GitHash: 7205bedd94]
Copyright (c) 2002-2024 Zuse Institute Berlin (ZIB)

External libraries: 
  Soplex 7.0.0         Linear Programming Solver developed at Zuse Institute Berlin (soplex.zib.de) [GitHash: 6657fb3b]
  CppAD 20180000.0     Algorithmic Differentiation of C++ algorithms developed by B. Bell (github.com/coin-or/CppAD)
  ZLIB 1.2.13          General purpose compression library by J. Gailly and M. Adler (zlib.net)
  GMP 6.3.0            GNU Multiple Precision Arithmetic Library developed by T. Granlund (gmplib.org)
  ZIMPL 3.5.3          Zuse Institute Mathematical Programming Language developed by T. Koch (zimpl.zib.de)
  AMPL/MP 690e9e7      AMPL .nl file reader library (github.com/ampl/mp)
  PaPILO 2.2.0         parallel presolve for integer and linear optimization (github.com/scipopt/papilo) (built with TBB) [GitHash: df30ae49]
  bliss 0.77           Computing Graph Automorphism Groups by T. Junttila and P. Kaski (users.aalto.fi/~tjunttil/bliss)
  Ipopt 3.14.15        Interior Point Optimizer developed by A. Waechter et.al. (github.com/coin-or/Ipopt)

reading user parameter file </var/folders/xx/fsz3wvqx27n46ckqdt6dl4gm0000gn/T/4a4cc3ea696449fbab88de464d28e648-pulp.set>


read problem </var/folders/xx/fsz3wvqx27n46ckqdt6dl4gm0000gn/T/4a4cc3ea696449fbab88de464d28e648-pulp.lp>
============

original problem has 90 variables (84 bin, 6 int, 0 impl, 0 cont) and 114 constraints

presolving:
(round 1, fast)       14 del vars, 2 del conss, 1 add conss, 23 chg bounds, 0 chg sides, 0 chg coeffs, 0 upgd conss, 0 impls, 7 clqs
(round 2, fast)       14 del vars, 2 del conss, 3 add conss, 23 chg bounds, 1 chg sides, 21 chg coeffs, 0 upgd conss, 0 impls, 7 clqs
(round 3, fast)       14 del vars, 2 del conss, 3 add conss, 23 chg bounds, 1 chg sides, 87 chg coeffs, 0 upgd conss, 0 impls, 7 clqs
   (0.0s) running MILP presolver
   (0.0s) MILP presolver found nothing
(round 4, exhaustive) 14 del vars, 4 del conss, 3 add conss, 23 chg bounds, 2 chg sides, 87 chg coeffs, 0 upgd conss, 0 impls, 7 clqs
(round 5, exhaustive) 14 del vars, 4 del conss, 3 add conss, 23 chg bounds, 2 chg sides, 87 chg coeffs, 105 upgd conss, 0 impls, 7 clqs
   (0.0s) sparsify finished: 80/715 (11.2%) nonzeros canceled - in total 80 canceled nonzeros, 146 changed coefficients, 0 added nonzeros
(round 6, exhaustive) 14 del vars, 4 del conss, 3 add conss, 23 chg bounds, 2 chg sides, 233 chg coeffs, 105 upgd conss, 0 impls, 21 clqs
(round 7, fast)       14 del vars, 4 del conss, 4 add conss, 26 chg bounds, 2 chg sides, 233 chg coeffs, 105 upgd conss, 0 impls, 21 clqs
(round 8, fast)       14 del vars, 4 del conss, 5 add conss, 28 chg bounds, 2 chg sides, 233 chg coeffs, 105 upgd conss, 0 impls, 21 clqs
(round 9, exhaustive) 14 del vars, 5 del conss, 5 add conss, 28 chg bounds, 4 chg sides, 233 chg coeffs, 105 upgd conss, 0 impls, 21 clqs
   (0.0s) probing cycle finished: starting next cycle
   (0.0s) symmetry computation started: requiring (bin +, int +, cont +), (fixed: bin -, int -, cont -)
   (0.0s) symmetry computation finished: 2 generators found (max: 1500, log10 of symmetry group size: 1.1) (symcode time: 0.00)
dynamic symmetry handling statistics:
   orbitopal reduction:       no components
   orbital reduction:          1 components of sizes 2
   lexicographic reduction:    2 permutations with support sizes 64, 70
handled 1 out of 1 symmetry components
presolving (10 rounds: 10 fast, 5 medium, 5 exhaustive):
 14 deleted vars, 5 deleted constraints, 5 added constraints, 28 tightened bounds, 0 added holes, 4 changed sides, 233 changed coefficients
 165 implications, 609 cliques
presolved problem has 76 variables (71 bin, 4 int, 1 impl, 0 cont) and 114 constraints
     14 constraints of type <knapsack>
      7 constraints of type <setppc>
      9 constraints of type <linear>
     84 constraints of type <logicor>
transformed objective value is always integral (scale: 1)
Presolving Time: 0.01

 time | node  | left  |LP iter|LP it/n|mem/heur|mdpt |vars |cons |rows |cuts |sepa|confs|strbr|  dualbound   | primalbound  |  gap   | compl. 
  0.0s|     1 |     0 |    36 |     - |  3472k |   0 |  76 | 129 | 114 |   0 |  0 |  14 |   0 | 3.533333e+01 |      --      |    Inf | unknown
  0.0s|     1 |     0 |   210 |     - |  3490k |   0 |  76 | 131 | 114 |   0 |  0 |  16 |   0 | 3.500000e+01 |      --      |    Inf | unknown
  0.0s|     1 |     0 |   243 |     - |  3639k |   0 |  76 | 331 | 117 |   3 |  1 |  16 |   0 | 3.500000e+01 |      --      |    Inf | unknown
  0.0s|     1 |     0 |   260 |     - |  3925k |   0 |  76 | 331 | 119 |   5 |  2 |  16 |   0 | 3.500000e+01 |      --      |    Inf | unknown
  0.0s|     1 |     0 |   270 |     - |  3969k |   0 |  76 | 332 | 122 |   8 |  3 |  17 |   0 | 3.500000e+01 |      --      |    Inf | unknown
  0.0s|     1 |     0 |   303 |     - |  4032k |   0 |  76 | 332 | 124 |  10 |  4 |  17 |   0 | 3.487500e+01 |      --      |    Inf | unknown
  0.0s|     1 |     0 |   311 |     - |  4033k |   0 |  76 | 333 | 124 |  10 |  4 |  18 |   0 | 3.400000e+01 |      --      |    Inf | unknown
  0.0s|     1 |     0 |   324 |     - |  4483k |   0 |  76 | 333 | 127 |  13 |  5 |  18 |   0 | 3.400000e+01 |      --      |    Inf | unknown
  0.0s|     1 |     0 |   350 |     - |  4862k |   0 |  76 | 333 | 130 |  16 |  6 |  18 |   0 | 3.400000e+01 |      --      |    Inf | unknown
  0.0s|     1 |     0 |   357 |     - |  5823k |   0 |  76 | 333 | 133 |  19 |  7 |  18 |   0 | 3.400000e+01 |      --      |    Inf | unknown
  0.0s|     1 |     0 |   374 |     - |  6339k |   0 |  76 | 334 | 135 |  21 |  8 |  19 |   0 | 3.400000e+01 |      --      |    Inf | unknown
  0.0s|     1 |     0 |   395 |     - |  7508k |   0 |  76 | 334 | 138 |  24 |  9 |  19 |   0 | 3.400000e+01 |      --      |    Inf | unknown
  0.0s|     1 |     0 |   409 |     - |  8664k |   0 |  76 | 334 | 140 |  26 | 10 |  19 |   0 | 3.400000e+01 |      --      |    Inf | unknown
  0.0s|     1 |     0 |   423 |     - |  8684k |   0 |  76 | 336 | 141 |  31 | 11 |  21 |   0 | 3.400000e+01 |      --      |    Inf | unknown
  0.1s|     1 |     0 |   437 |     - |  8697k |   0 |  76 | 337 | 144 |  34 | 12 |  22 |   0 | 3.400000e+01 |      --      |    Inf | unknown
 time | node  | left  |LP iter|LP it/n|mem/heur|mdpt |vars |cons |rows |cuts |sepa|confs|strbr|  dualbound   | primalbound  |  gap   | compl. 
  0.1s|     1 |     0 |   450 |     - |  8953k |   0 |  76 | 337 | 147 |  37 | 13 |  22 |   0 | 3.400000e+01 |      --      |    Inf | unknown
  0.1s|     1 |     0 |   461 |     - |  8969k |   0 |  76 | 338 | 149 |  39 | 14 |  23 |   0 | 3.400000e+01 |      --      |    Inf | unknown
  0.1s|     1 |     0 |   492 |     - |  8986k |   0 |  76 | 339 | 152 |  42 | 15 |  24 |   0 | 3.400000e+01 |      --      |    Inf | unknown
  0.1s|     1 |     0 |   522 |     - |  9000k |   0 |  76 | 339 | 154 |  44 | 16 |  24 |   0 | 3.400000e+01 |      --      |    Inf | unknown
  0.1s|     1 |     0 |   543 |     - |  9017k |   0 |  76 | 340 | 139 |  45 | 17 |  25 |   0 | 3.400000e+01 |      --      |    Inf | unknown
  0.1s|     1 |     0 |   573 |     - |  9031k |   0 |  76 | 342 | 143 |  49 | 18 |  27 |   0 | 3.400000e+01 |      --      |    Inf | unknown
  0.1s|     1 |     0 |   592 |     - |  9047k |   0 |  76 | 344 | 145 |  51 | 19 |  29 |   0 | 3.400000e+01 |      --      |    Inf | unknown
  0.1s|     1 |     0 |   622 |     - |  9063k |   0 |  76 | 345 | 150 |  56 | 20 |  30 |   0 | 3.400000e+01 |      --      |    Inf | unknown
  0.1s|     1 |     0 |   622 |     - |  9064k |   0 |  76 | 347 | 151 |  56 | 20 |  31 |   0 | 3.400000e+01 |      --      |    Inf | unknown
  0.1s|     1 |     0 |   632 |     - |  9064k |   0 |  76 | 347 | 154 |  59 | 21 |  31 |   0 | 3.400000e+01 |      --      |    Inf | unknown
  0.1s|     1 |     0 |   653 |     - |  9064k |   0 |  76 | 348 | 156 |  61 | 22 |  32 |   0 | 3.400000e+01 |      --      |    Inf | unknown
  0.1s|     1 |     0 |   659 |     - |  9066k |   0 |  76 | 348 | 145 |  63 | 23 |  32 |   0 | 3.400000e+01 |      --      |    Inf | unknown
  0.1s|     1 |     0 |   667 |     - |  9066k |   0 |  76 | 350 | 147 |  65 | 24 |  34 |   0 | 3.400000e+01 |      --      |    Inf | unknown
  0.1s|     1 |     0 |   668 |     - |  9066k |   0 |  76 | 350 | 149 |  67 | 25 |  34 |   0 | 3.400000e+01 |      --      |    Inf | unknown
  0.1s|     1 |     2 |   749 |     - |  9071k |   0 |  76 | 351 | 149 |  67 | 26 |  35 |  11 | 3.400000e+01 |      --      |    Inf | unknown

SCIP Status        : problem is solved [infeasible]
Solving Time (sec) : 0.19
Solving Nodes      : 61
Primal Bound       : -1.00000000000000e+20 (objective limit, 0 solutions)
Dual Bound         : -1.00000000000000e+20
Gap                : 0.00 %


solution status: infeasible
no solution available
written solution information to file </var/folders/xx/fsz3wvqx27n46ckqdt6dl4gm0000gn/T/4a4cc3ea696449fbab88de464d28e648-pulp.sol>


